<?xml version="1.0" encoding="UTF-8"?>
<!-- Generated by org.testng.reporters.JUnitReportReporter -->
<testsuite hostname="Rajani-Zarbade" failures="0" tests="1" name="rahulShettyProject.Login" time="2.124" errors="0" timestamp="2023-08-08T14:51:50 IST" skipped="0">
  <testcase classname="rahulShettyProject.Login" name="NavigatetoRadio" time="2.124"/>
  <system-out/>
</testsuite> <!-- rahulShettyProject.Login -->
