<?xml version="1.0" encoding="UTF-8"?>
<!-- Generated by org.testng.reporters.JUnitReportReporter -->
<testsuite hostname="Rajani-Zarbade" failures="0" tests="1" name="rahulShettyProject.radiobutton" time="2.182" errors="0" timestamp="2023-08-09T16:00:18 IST" skipped="0">
  <testcase classname="rahulShettyProject.radiobutton" name="NavigatetoRadio" time="2.182"/>
  <system-out/>
</testsuite> <!-- rahulShettyProject.radiobutton -->
