<?xml version="1.0" encoding="UTF-8"?>
<!-- Generated by org.testng.reporters.JUnitReportReporter -->
<testsuite hostname="Rajani-Zarbade" failures="0" tests="1" name="rahulShettyProject.links2" time="8.305" errors="0" timestamp="2023-08-17T17:06:55 IST" skipped="0">
  <testcase classname="rahulShettyProject.links2" name="TotalLinks" time="8.305"/>
  <system-out/>
</testsuite> <!-- rahulShettyProject.links2 -->
