<?xml version="1.0" encoding="UTF-8"?>
<!-- Generated by org.testng.reporters.JUnitReportReporter -->
<testsuite hostname="Rajani-Zarbade" failures="0" tests="1" name="rahulShettyProject.SwitchWindow" time="8.147" errors="0" timestamp="2023-08-09T17:28:30 IST" skipped="0">
  <testcase classname="rahulShettyProject.SwitchWindow" name="switchwindowexample" time="8.147"/>
  <system-out/>
</testsuite> <!-- rahulShettyProject.SwitchWindow -->
