<?xml version="1.0" encoding="UTF-8"?>
<!-- Generated by org.testng.reporters.JUnitReportReporter -->
<testsuite hostname="Rajani-Zarbade" failures="0" tests="1" name="rahulShettyProject.Classexample" time="2.385" errors="0" timestamp="2023-08-09T17:20:16 IST" skipped="0">
  <testcase classname="rahulShettyProject.Classexample" name="exampleClass" time="2.385"/>
  <system-out/>
</testsuite> <!-- rahulShettyProject.Classexample -->
